
P A U P *
Portable version 4.0b10 for Unix
Sun Jul 24 05:34:59 2011

      -----------------------------NOTICE-----------------------------
        This is a beta-test version.  Please report any crashes,
        apparent calculation errors, or other anomalous results.
        There are no restrictions on publication of results obtained
        with this version, but you should check the WWW site
        frequently for bug announcements and/or updated versions.  
        See the README file on the distribution media for details.
      ----------------------------------------------------------------

Heuristic search settings:
  Optimality criterion = parsimony
    Character-status summary:
      Of 232 total characters:
        All characters are of type 'unord'
        All characters have equal weight
        37 characters are constant
        79 variable characters are parsimony-uninformative
        Number of parsimony-informative characters = 116
    Gaps are treated as "missing"
  Starting tree(s) obtained via stepwise addition
  Addition sequence: simple (reference taxon = Bovine)
  Number of trees held at each step during stepwise addition = 1
  Branch-swapping algorithm: tree-bisection-reconnection (TBR)
  Steepest descent option not in effect
  Initial 'MaxTrees' setting = 100
  Branches collapsed (creating polytomies) if maximum branch length is zero
  'MulTrees' option in effect
  Topological constraints not enforced
  Trees are unrooted

Heuristic search completed
   Total number of rearrangements tried = 72
   Score of best tree(s) found = 372
   Number of trees retained = 1
   Time used = <1 sec (CPU time = 0.00 sec)

Likelihood scores of tree(s) in memory:
  Likelihood settings:
    Number of substitution types  = 2 (HKY85 variant)
    Transition/transversion ratio estimated via ML
    Assumed nucleotide frequencies (empirical frequencies):
      A=0.36700  C=0.42672  G=0.03818  T=0.16810
    Among-site rate variation:
      Assumed proportion of invariable sites  = none
      Distribution of rates at variable sites = equal
    These settings correspond to the HKY85 model
    Number of distinct data patterns under this model = 138
    Molecular clock not enforced
    Starting branch lengths obtained using Rogers-Swofford approximation method
    Branch-length optimization = one-dimensional Newton-Raphson with pass limit=20, delta=1e-06
    -ln L (unconstrained) = 1053.98393

Tree                   1
------------------------
-ln L         1374.73473
Ti/tv:
  exp. ratio   21.783025
  kappa        61.226848

Time used to compute likelihoods = <1 sec (CPU time = 0.02 sec)

Warning.  Current trees have not been saved.  Do you want to proceed anyway? (Y/n) y

OK to reset 'MaxTrees' to 945 (number of possible unrooted trees for 7 taxa) ? (Y/n) y

Generating all unrooted trees for 7 taxa:
  945 trees stored in tree buffer

Likelihood scores of tree(s) in memory:
  Likelihood settings:
    Number of substitution types  = 2 (HKY85 variant)
    Transition/transversion ratio = 21.783 (kappa = 61.226848)
    Assumed nucleotide frequencies (empirical frequencies):
      A=0.36700  C=0.42672  G=0.03818  T=0.16810
    Among-site rate variation:
      Assumed proportion of invariable sites  = none
      Distribution of rates at variable sites = equal
    These settings correspond to the HKY85 model
    Number of distinct data patterns under this model = 138
    Molecular clock not enforced
    Starting branch lengths obtained using Rogers-Swofford approximation method
    Branch-length optimization = one-dimensional Newton-Raphson with pass limit=20, delta=1e-06
    -ln L (unconstrained) = 1053.98393

Tree             1           2           3           4           5           6           7           8           9          10          11          12          13
-ln L   1380.30334  1380.96361  1386.63647  1387.90339  1388.32696  1387.62586  1388.02790  1385.23588  1380.73699  1383.77709  1384.37183  1386.64578  1387.90339

Tree            14          15          16          17          18          19          20          21          22          23          24          25          26
-ln L   1388.32696  1387.62586  1388.02790  1380.79153  1384.40688  1385.77731  1386.08588  1384.75216  1384.73500  1385.38906  1384.48206  1381.36392  1387.92283

Tree            27          28          29          30          31          32          33          34          35          36          37          38          39
-ln L   1386.08588  1386.32902  1386.56327  1385.45916  1381.98344  1381.98344  1381.66518  1384.48205  1388.34010  1386.56327  1386.33053  1386.56327  1384.49667

Tree            40          41          42          43          44          45          46          47          48          49          50          51          52
-ln L   1384.49660  1384.07615  1384.06148  1381.72183  1387.65774  1386.56327  1385.77761  1386.08588  1386.69945  1387.24651  1386.34341  1384.24624  1386.13996

Tree            53          54          55          56          57          58          59          60          61          62          63          64          65
-ln L   1381.36391  1386.08588  1386.09420  1386.63647  1387.90338  1388.32695  1387.62586  1388.02790  1384.87451  1382.99681  1379.48620  1380.89225  1381.55929

Tree            66          67          68          69          70          71          72          73          74          75          76          77          78
-ln L   1384.92109  1387.49894  1387.98614  1387.18320  1386.86020  1386.01152  1381.31646  1385.38120  1385.62570  1384.35659  1386.99540  1387.59965  1386.59332

Tree            79          80          81          82          83          84          85          86          87          88          89          90          91
-ln L   1386.47615  1381.12064  1386.01153  1387.61201  1387.66871  1384.48965  1384.47253  1385.12657  1384.22031  1381.12064  1386.47616  1387.92281  1388.08108

Tree            92          93          94          95          96          97          98          99         100         101         102         103         104
-ln L   1388.10413  1385.19508  1381.74098  1381.74098  1381.42369  1384.22031  1386.97217  1388.34011  1387.41089  1387.40843  1384.23493  1384.23485  1383.79418

Tree           105         106         107         108         109         110         111         112         113         114         115         116         117
-ln L   1383.77958  1381.48073  1386.97222  1387.65774  1387.72016  1387.78718  1387.64630  1388.08884  1387.37461  1384.87451  1382.99671  1379.48620  1388.02790

Tree           118         119         120         121         122         123         124         125         126         127         128         129         130
-ln L   1383.47286  1384.09645  1386.70060  1387.24603  1386.34437  1386.86070  1384.05859  1385.97853  1381.36391  1380.23779  1380.96831  1384.80272  1385.73095

Tree           131         132         133         134         135         136         137         138         139         140         141         142         143
-ln L   1386.46086  1386.46086  1385.93512  1385.82563  1380.72026  1385.14523  1385.44148  1384.23875  1385.25544  1386.09439  1386.09439  1385.32118  1380.51713

Tree           144         145         146         147         148         149         150         151         152         153         154         155         156
-ln L   1385.82563  1386.99154  1387.33250  1383.72442  1381.42590  1382.59312  1382.59390  1378.27338  1386.51318  1387.63952  1388.12786  1388.16384  1384.79382

Tree           157         158         159         160         161         162         163         164         165         166         167         168         169
-ln L   1379.47669  1379.47669  1379.13601  1383.52038  1387.37461  1388.39353  1388.12788  1388.16384  1384.79382  1384.79381  1384.63255  1383.05215  1379.16413

Tree           170         171         172         173         174         175         176         177         178         179         180         181         182
-ln L   1387.37462  1388.39353  1386.34626  1386.57308  1385.25590  1386.09439  1386.09439  1383.06400  1383.04947  1380.51713  1386.91310  1383.35484  1383.95937

Tree           183         184         185         186         187         188         189         190         191         192         193         194         195
-ln L   1385.73041  1386.46086  1386.46086  1385.06346  1383.79869  1385.69453  1380.76525  1381.25808  1381.92120  1385.23052  1386.02091  1386.02324  1387.18363

Tree           196         197         198         199         200         201         202         203         204         205         206         207         208
-ln L   1387.32725  1386.32821  1381.67582  1385.68975  1385.92993  1384.65357  1385.42913  1385.43798  1386.59539  1386.97217  1381.48073  1386.32725  1386.34839

Tree           209         210         211         212         213         214         215         216         217         218         219         220         221
-ln L   1386.49809  1381.74098  1381.74098  1381.42369  1386.39751  1387.37461  1386.97217  1386.82526  1386.34846  1386.49809  1386.49809  1385.81718  1385.57439

Tree           222         223         224         225         226         227         228         229         230         231         232         233         234
-ln L   1386.77705  1386.39527  1381.17083  1386.82527  1387.41090  1387.40843  1387.40843  1386.87787  1383.52595  1383.51143  1381.17083  1386.39572  1387.65774

Tree           235         236         237         238         239         240         241         242         243         244         245         246         247
-ln L   1388.12822  1388.16384  1388.16384  1387.73622  1386.84814  1385.04670  1383.18911  1379.66909  1388.39353  1383.77133  1384.40125  1385.15414  1385.15371

Tree           248         249         250         251         252         253         254         255         256         257         258         259         260
-ln L   1386.34544  1387.32818  1384.32183  1386.23461  1381.72183  1380.89225  1381.55929  1384.85098  1385.50531  1384.58970  1385.61749  1388.02790  1386.86020

Tree           261         262         263         264         265         266         267         268         269         270         271         272         273
-ln L   1381.31650  1384.23538  1384.68546  1384.66507  1385.31978  1384.41050  1381.36391  1384.89864  1387.92276  1386.86020  1384.93672  1385.40780  1381.98344

Tree           274         275         276         277         278         279         280         281         282         283         284         285         286
-ln L   1381.98344  1381.66518  1384.41063  1385.58978  1388.33987  1387.32725  1383.98341  1384.42570  1384.42550  1383.80222  1383.78769  1381.72183  1384.60425

Tree           287         288         289         290         291         292         293         294         295         296         297         298         299
-ln L   1387.65773  1387.32731  1384.21399  1384.21399  1384.86802  1384.59887  1381.36014  1382.83193  1385.60343  1384.27481  1379.11585  1385.86041  1385.87732

Tree           300         301         302         303         304         305         306         307         308         309         310         311         312
-ln L   1386.69826  1386.34863  1383.00425  1381.97885  1383.87175  1379.11585  1384.28014  1387.40150  1387.40140  1387.86918  1387.62586  1384.84097  1385.60343

Tree           313         314         315         316         317         318         319         320         321         322         323         324         325
-ln L   1383.35234  1381.45987  1377.90086  1380.34530  1381.00654  1386.68254  1388.05673  1388.39353  1388.39353  1387.26087  1385.25036  1380.77940  1383.79171

Tree           326         327         328         329         330         331         332         333         334         335         336         337         338
-ln L   1384.38590  1386.68519  1388.05673  1388.39353  1388.39353  1387.26087  1380.83371  1384.42073  1385.71037  1386.05945  1385.21773  1386.39438  1386.91001

Tree           339         340         341         342         343         344         345         346         347         348         349         350         351
-ln L   1386.91001  1381.38512  1386.49807  1386.05945  1386.32930  1386.56327  1385.96991  1381.98344  1381.98344  1381.66518  1386.91001  1387.26006  1386.56327

Tree           352         353         354         355         356         357         358         359         360         361         362         363         364
-ln L   1386.33110  1386.56327  1385.08871  1385.08799  1384.57799  1386.47528  1381.72183  1386.34086  1386.56327  1385.71147  1386.05945  1387.29418  1387.65774

Tree           365         366         367         368         369         370         371         372         373         374         375         376         377
-ln L   1387.65774  1383.77871  1383.76419  1381.38512  1386.05945  1386.13582  1386.68254  1388.05673  1388.39353  1388.39353  1387.26087  1384.90454  1382.99629

Tree           378         379         380         381         382         383         384         385         386         387         388         389         390
-ln L   1379.51507  1380.91113  1381.58012  1384.62637  1387.94226  1388.29112  1388.29118  1386.83792  1383.77567  1381.33754  1383.14861  1382.12827  1383.14441

Tree           391         392         393         394         395         396         397         398         399         400         401         402         403
-ln L   1386.74668  1387.13574  1387.13575  1385.57017  1380.33507  1383.14861  1385.86225  1384.75989  1384.14517  1385.30440  1385.82237  1385.82237  1380.33507

Tree           404         405         406         407         408         409         410         411         412         413         414         415         416
-ln L   1385.57017  1385.86166  1386.69298  1385.68221  1384.90110  1380.93557  1380.93557  1380.61840  1385.82237  1386.11398  1386.69311  1385.70210  1384.57958

Tree           417         418         419         420         421         422         423         424         425         426         427         428         429
-ln L   1384.00404  1384.00371  1383.43278  1385.32963  1380.67540  1386.11442  1385.69065  1386.68841  1385.80109  1387.00487  1387.36451  1387.36452  1384.56531

Tree           430         431         432         433         434         435         436         437         438         439         440         441         442
-ln L   1382.60093  1379.07361  1386.68841  1383.16315  1383.79045  1387.29417  1387.65774  1387.65774  1386.83794  1383.66745  1383.65379  1381.38512  1380.23779

Tree           443         444         445         446         447         448         449         450         451         452         453         454         455
-ln L   1380.96831  1384.27622  1385.73025  1386.46086  1386.46086  1387.54193  1383.42786  1380.72023  1382.79093  1381.77059  1382.78623  1384.36401  1385.23279

Tree           456         457         458         459         460         461         462         463         464         465         466         467         468
-ln L   1385.23279  1386.25426  1379.70861  1382.79093  1386.23979  1385.27747  1383.35140  1381.00739  1382.17481  1382.17512  1377.86110  1386.49906  1386.24324

Tree           469         470         471         472         473         474         475         476         477         478         479         480         481
-ln L   1387.06188  1386.20847  1384.42883  1379.06714  1379.06714  1378.72668  1383.09898  1387.36451  1387.06187  1387.06188  1386.20847  1384.42883  1384.42883

Tree           482         483         484         485         486         487         488         489         490         491         492         493         494
-ln L   1384.29616  1382.67424  1378.76114  1387.36452  1387.06188  1384.43760  1383.41579  1384.36639  1385.23279  1385.23279  1382.80492  1384.66262  1379.70861

Tree           495         496         497         498         499         500         501         502         503         504         505         506         507
-ln L   1384.43804  1382.80547  1383.44264  1385.72997  1386.46086  1386.46085  1386.91309  1383.25659  1383.24204  1380.76525  1381.25808  1381.92120  1384.90388

Tree           508         509         510         511         512         513         514         515         516         517         518         519         520
-ln L   1385.47703  1385.48319  1388.29125  1387.32725  1384.06092  1381.67610  1383.43463  1382.41305  1383.42870  1383.96439  1383.96443  1387.13575  1386.11398

Tree           521         522         523         524         525         526         527         528         529         530         531         532         533
-ln L   1380.67540  1383.43521  1383.96863  1382.94829  1380.93557  1380.93557  1380.61844  1384.91817  1387.36451  1386.11398  1383.96863  1383.96863  1382.94829

Tree           534         535         536         537         538         539         540         541         542         543         544         545         546
-ln L   1383.84768  1381.36014  1382.83186  1385.60343  1384.27479  1379.11584  1383.96863  1385.69263  1384.57933  1385.57031  1383.00427  1381.97887  1383.87175

Tree           547         548         549         550         551         552         553         554         555         556         557         558         559
-ln L   1379.11584  1384.28553  1385.70954  1387.06188  1386.20847  1387.00236  1384.84097  1385.60343  1383.35234  1381.45995  1377.90086  1387.06188  1383.44873

Tree           560         561         562         563         564         565         566         567         568         569         570         571         572
-ln L   1384.07523  1384.60435  1384.60441  1387.65773  1387.32725  1383.80223  1383.78769  1381.72183  1380.91112  1381.58012  1386.36303  1386.82526  1386.82526

Tree           573         574         575         576         577         578         579         580         581         582         583         584         585
-ln L   1386.23161  1387.26086  1386.83792  1381.33755  1384.69450  1385.13896  1386.29012  1386.78177  1386.78179  1381.38512  1385.30113  1386.49397  1386.83792

Tree           586         587         588         589         590         591         592         593         594         595         596         597         598
-ln L   1385.46437  1385.90634  1381.98344  1381.98344  1381.66519  1386.78140  1386.08102  1387.26059  1387.32725  1384.54402  1385.00395  1385.00359  1384.32170

Tree           599         600         601         602         603         604         605         606         607         608         609         610         611
-ln L   1386.23367  1381.72183  1385.15377  1386.34233  1387.32968  1385.82354  1386.36303  1386.82526  1386.82527  1385.81718  1385.57467  1386.77779  1386.39097

Tree           612         613         614         615         616         617         618         619         620         621         622         623         624
-ln L   1381.16111  1386.95020  1387.29417  1387.65774  1387.65774  1386.87779  1383.53198  1383.51747  1381.16111  1386.39146  1387.73119  1388.05673  1388.39353

Tree           625         626         627         628         629         630         631         632         633         634         635         636         637
-ln L   1388.39353  1387.73378  1386.84798  1384.90454  1382.99637  1379.51507  1380.07296  1380.71490  1386.17761  1386.18777  1386.18777  1387.62586  1388.39353

Tree           638         639         640         641         642         643         644         645         646         647         648         649         650
-ln L   1385.36425  1380.50167  1383.91477  1384.52486  1386.17762  1386.18777  1386.18777  1387.62586  1388.39353  1380.56177  1384.54800  1384.23940  1384.77667

Tree           651         652         653         654         655         656         657         658         659         660         661         662         663
-ln L   1380.83893  1380.83893  1380.51123  1386.18777  1387.62586  1388.39353  1384.77693  1383.31855  1383.87707  1383.87707  1382.95461  1385.61000  1387.13000

Tree           664         665         666         667         668         669         670         671         672         673         674         675         676
-ln L   1387.98932  1380.20656  1383.87698  1385.43117  1385.66183  1385.66183  1385.23426  1383.86561  1383.85106  1381.29792  1387.19681  1385.66183  1385.43127

Tree           677         678         679         680         681         682         683         684         685         686         687         688         689
-ln L   1385.66183  1385.66183  1385.23466  1385.24540  1384.41491  1386.20536  1381.29792  1385.66183  1385.80236  1386.17761  1386.18777  1386.18777  1387.62586

Tree           690         691         692         693         694         695         696         697         698         699         700         701         702
-ln L   1388.39353  1384.94818  1383.23608  1379.70770  1379.14642  1379.82390  1383.61124  1384.68343  1384.68348  1385.35053  1386.85370  1387.63915  1379.59373

Tree           703         704         705         706         707         708         709         710         711         712         713         714         715
-ln L   1384.72313  1383.72433  1381.42625  1382.59317  1382.59373  1378.27338  1385.35040  1386.85298  1387.63955  1385.86715  1384.79382  1379.47669  1379.47669

Tree           716         717         718         719         720         721         722         723         724         725         726         727         728
-ln L   1379.13608  1383.52059  1386.18778  1387.62586  1388.39353  1385.87151  1384.79381  1384.79381  1384.63256  1383.05184  1379.16413  1386.18778  1387.62586

Tree           729         730         731         732         733         734         735         736         737         738         739         740         741
-ln L   1388.39353  1382.14611  1382.77426  1383.87705  1383.87703  1382.75475  1385.37374  1386.87878  1387.68259  1379.64626  1384.40685  1384.92989  1385.66183

Tree           742         743         744         745         746         747         748         749         750         751         752         753         754
-ln L   1385.66183  1384.94655  1383.32648  1383.31194  1380.76525  1386.93182  1384.40741  1384.93025  1385.66183  1385.66183  1384.94612  1385.04095  1383.87798

Tree           755         756         757         758         759         760         761         762         763         764         765         766         767
-ln L   1385.75983  1380.76525  1380.02786  1380.66930  1381.00613  1381.00613  1386.18777  1387.62586  1388.39353  1385.54726  1380.22711  1380.37122  1380.78434

Tree           768         769         770         771         772         773         774         775         776         777         778         779         780
-ln L   1380.78432  1380.22711  1381.00613  1386.18778  1387.62586  1388.39354  1385.54740  1380.37123  1381.00613  1376.57941  1376.57940  1381.90133  1383.36212

Tree           781         782         783         784         785         786         787         788         789         790         791         792         793
-ln L   1384.14069  1380.90730  1376.00213  1383.32015  1383.87709  1379.50365  1378.71981  1381.35796  1382.87782  1383.69599  1375.85241  1379.50300  1385.43501

Tree           794         795         796         797         798         799         800         801         802         803         804         805         806
-ln L   1385.66183  1381.41088  1380.99885  1379.51146  1379.49691  1376.94378  1382.95457  1381.41088  1385.43453  1385.66183  1381.41088  1380.99900  1381.01091

Tree           807         808         809         810         811         812         813         814         815         816         817         818         819
-ln L   1380.06075  1381.85121  1376.94378  1381.41088  1385.87029  1386.18777  1381.90133  1381.90133  1383.36212  1384.14069  1381.06183  1379.14469  1375.67387

Tree           820         821         822         823         824         825         826         827         828         829         830         831         832
-ln L   1381.20158  1381.86374  1382.17524  1382.17524  1386.81739  1387.62586  1387.32725  1386.82527  1381.38651  1381.51980  1381.93614  1381.93613  1381.38651

Tree           833         834         835         836         837         838         839         840         841         842         843         844         845
-ln L   1382.17524  1386.81750  1387.62586  1387.32725  1386.82527  1381.51980  1382.19491  1377.76645  1377.74276  1382.21279  1383.31685  1382.79526  1382.47775

Tree           846         847         848         849         850         851         852         853         854         855         856         857         858
-ln L   1377.16092  1386.34848  1386.82527  1382.47777  1381.95430  1381.37692  1382.53296  1382.27702  1377.14864  1382.47775  1387.41613  1387.65778  1383.40179

Tree           859         860         861         862         863         864         865         866         867         868         869         870         871
-ln L   1383.01885  1379.53209  1379.51757  1377.14864  1382.27703  1383.40174  1388.13152  1388.39396  1384.14247  1383.83824  1382.98131  1381.15826  1379.14294

Tree           872         873         874         875         876         877         878         879         880         881         882         883         884
-ln L   1375.68157  1384.14069  1384.54408  1385.15400  1380.73131  1380.73128  1381.80490  1382.79525  1380.09726  1382.00010  1377.37989  1381.20158  1381.86374

Tree           885         886         887         888         889         890         891         892         893         894         895         896         897
-ln L   1382.17524  1382.17524  1384.58970  1386.11134  1388.39353  1387.32725  1381.38651  1381.51980  1381.93614  1381.93614  1381.38651  1382.17524  1384.58970

Tree           898         899         900         901         902         903         904         905         906         907         908         909         910
-ln L   1386.11134  1388.39354  1387.32725  1381.51979  1382.19382  1377.76073  1377.74276  1380.16700  1381.68554  1384.14069  1382.79525  1377.16092  1383.98325

Tree           911         912         913         914         915         916         917         918         919         920         921         922         923
-ln L   1384.60422  1380.18156  1379.57794  1379.56342  1377.37989  1380.18152  1383.40173  1382.79525  1384.86802  1384.86802  1380.43497  1380.17437  1378.39151

Tree           924         925         926         927         928         929         930         931         932         933         934         935         936
-ln L   1379.64680  1382.59053  1381.02018  1375.95751  1386.69776  1386.69810  1382.08997  1381.80438  1380.03573  1378.85323  1380.73835  1375.95751  1381.02020

Tree           937         938         939         940         941         942         943         944         945
-ln L   1387.86918  1387.86918  1383.60402  1383.36212  1381.85995  1382.59053  1380.26066  1378.19227  1374.73473

Time used to compute likelihoods = 3 sec (CPU time = 2.58 sec)

Shimodaira-Hasegawa test:
  SH test using RELL bootstrap (one-tailed test)
  Number of bootstrap replicates = 1000

    Tree         -ln L    Diff -ln L       P 
---------------------------------------------
       1    1380.30334       5.56861   0.610 
       2    1380.96361       6.22888   0.536 
       3    1386.63647      11.90175   0.141 
       4    1387.90339      13.16866   0.138 
       5    1388.32696      13.59223   0.123 
       6    1387.62586      12.89113   0.142 
       7    1388.02790      13.29317   0.129 
       8    1385.23588      10.50116   0.208 
       9    1380.73699       6.00227   0.557 
      10    1383.77709       9.04236   0.304 
      11    1384.37183       9.63711   0.278 
      12    1386.64578      11.91105   0.138 
      13    1387.90339      13.16866   0.138 
      14    1388.32696      13.59224   0.123 
      15    1387.62586      12.89113   0.142 
      16    1388.02790      13.29317   0.129 
      17    1380.79153       6.05680   0.555 
      18    1384.40688       9.67215   0.271 
      19    1385.77731      11.04258   0.209 
      20    1386.08588      11.35116   0.184 
      21    1384.75216      10.01744   0.237 
      22    1384.73500      10.00027   0.229 
      23    1385.38906      10.65433   0.203 
      24    1384.48206       9.74733   0.249 
      25    1381.36392       6.62919   0.500 
      26    1387.92283      13.18810   0.132 
      27    1386.08588      11.35116   0.184 
      28    1386.32902      11.59430   0.182 
      29    1386.56327      11.82854   0.162 
      30    1385.45916      10.72443   0.190 
      31    1381.98344       7.24872   0.472 
      32    1381.98344       7.24872   0.472 
      33    1381.66518       6.93045   0.485 
      34    1384.48205       9.74733   0.249 
      35    1388.34010      13.60537   0.113 
      36    1386.56327      11.82854   0.162 
      37    1386.33053      11.59580   0.182 
      38    1386.56327      11.82854   0.162 
      39    1384.49667       9.76194   0.223 
      40    1384.49660       9.76187   0.223 
      41    1384.07615       9.34142   0.252 
      42    1384.06148       9.32675   0.281 
      43    1381.72183       6.98710   0.485 
      44    1387.65774      12.92301   0.128 
      45    1386.56327      11.82854   0.162 
      46    1385.77761      11.04288   0.209 
      47    1386.08588      11.35116   0.184 
      48    1386.69945      11.96473   0.161 
      49    1387.24651      12.51178   0.137 
      50    1386.34341      11.60868   0.185 
      51    1384.24624       9.51151   0.254 
      52    1386.13996      11.40523   0.173 
      53    1381.36391       6.62919   0.500 
      54    1386.08588      11.35116   0.184 
      55    1386.09420      11.35947   0.160 
      56    1386.63647      11.90175   0.141 
      57    1387.90338      13.16865   0.138 
      58    1388.32695      13.59223   0.123 
      59    1387.62586      12.89113   0.142 
      60    1388.02790      13.29317   0.129 
      61    1384.87451      10.13978   0.244 
      62    1382.99681       8.26208   0.386 
      63    1379.48620       4.75147   0.684 
      64    1380.89225       6.15752   0.552 
      65    1381.55929       6.82456   0.492 
      66    1384.92109      10.18636   0.207 
      67    1387.49894      12.76421   0.144 
      68    1387.98614      13.25141   0.122 
      69    1387.18320      12.44847   0.155 
      70    1386.86020      12.12547   0.150 
      71    1386.01152      11.27680   0.178 
      72    1381.31646       6.58173   0.503 
      73    1385.38120      10.64647   0.200 
      74    1385.62570      10.89097   0.186 
      75    1384.35659       9.62186   0.259 
      76    1386.99540      12.26067   0.149 
      77    1387.59965      12.86492   0.130 
      78    1386.59332      11.85860   0.164 
      79    1386.47615      11.74142   0.172 
      80    1381.12064       6.38591   0.516 
      81    1386.01153      11.27680   0.178 
      82    1387.61201      12.87728   0.146 
      83    1387.66871      12.93398   0.132 
      84    1384.48965       9.75493   0.260 
      85    1384.47253       9.73780   0.243 
      86    1385.12657      10.39184   0.205 
      87    1384.22031       9.48559   0.274 
      88    1381.12064       6.38591   0.516 
      89    1386.47616      11.74143   0.172 
      90    1387.92281      13.18809   0.132 
      91    1388.08108      13.34636   0.130 
      92    1388.10413      13.36941   0.117 
      93    1385.19508      10.46035   0.205 
      94    1381.74098       7.00625   0.472 
      95    1381.74098       7.00625   0.472 
      96    1381.42369       6.68896   0.506 
      97    1384.22031       9.48558   0.274 
      98    1386.97217      12.23745   0.142 
      99    1388.34011      13.60538   0.113 
     100    1387.41089      12.67616   0.134 
     101    1387.40843      12.67370   0.133 
     102    1384.23493       9.50021   0.251 
     103    1384.23485       9.50012   0.251 
     104    1383.79418       9.05945   0.284 
     105    1383.77958       9.04486   0.301 
     106    1381.48073       6.74600   0.510 
     107    1386.97222      12.23749   0.142 
     108    1387.65774      12.92301   0.128 
     109    1387.72016      12.98543   0.139 
     110    1387.78718      13.05245   0.136 
     111    1387.64630      12.91157   0.135 
     112    1388.08884      13.35411   0.123 
     113    1387.37461      12.63989   0.148 
     114    1384.87451      10.13978   0.244 
     115    1382.99671       8.26198   0.386 
     116    1379.48620       4.75147   0.684 
     117    1388.02790      13.29317   0.129 
     118    1383.47286       8.73813   0.310 
     119    1384.09645       9.36172   0.273 
     120    1386.70060      11.96587   0.160 
     121    1387.24603      12.51130   0.138 
     122    1386.34437      11.60964   0.185 
     123    1386.86070      12.12597   0.151 
     124    1384.05859       9.32386   0.269 
     125    1385.97853      11.24381   0.180 
     126    1381.36391       6.62919   0.500 
     127    1380.23779       5.50307   0.637 
     128    1380.96831       6.23358   0.548 
     129    1384.80272      10.06799   0.207 
     130    1385.73095      10.99622   0.211 
     131    1386.46086      11.72613   0.165 
     132    1386.46086      11.72613   0.165 
     133    1385.93512      11.20039   0.204 
     134    1385.82563      11.09090   0.187 
     135    1380.72026       5.98553   0.577 
     136    1385.14523      10.41050   0.211 
     137    1385.44148      10.70676   0.198 
     138    1384.23875       9.50403   0.252 
     139    1385.25544      10.52071   0.238 
     140    1386.09439      11.35966   0.190 
     141    1386.09439      11.35966   0.190 
     142    1385.32118      10.58645   0.222 
     143    1380.51713       5.78240   0.595 
     144    1385.82563      11.09090   0.187 
     145    1386.99154      12.25681   0.158 
     146    1387.33250      12.59778   0.151 
     147    1383.72442       8.98969   0.349 
     148    1381.42590       6.69117   0.518 
     149    1382.59312       7.85840   0.410 
     150    1382.59390       7.85917   0.410 
     151    1378.27338       3.53865   0.790 
     152    1386.51318      11.77846   0.182 
     153    1387.63952      12.90480   0.146 
     154    1388.12786      13.39314   0.131 
     155    1388.16384      13.42912   0.121 
     156    1384.79382      10.05910   0.256 
     157    1379.47669       4.74196   0.688 
     158    1379.47669       4.74196   0.688 
     159    1379.13601       4.40128   0.710 
     160    1383.52038       8.78565   0.334 
     161    1387.37461      12.63989   0.148 
     162    1388.39353      13.65881   0.110 
     163    1388.12788      13.39315   0.131 
     164    1388.16384      13.42912   0.121 
     165    1384.79382      10.05909   0.256 
     166    1384.79381      10.05909   0.256 
     167    1384.63255       9.89783   0.272 
     168    1383.05215       8.31742   0.374 
     169    1379.16413       4.42940   0.715 
     170    1387.37462      12.63989   0.148 
     171    1388.39353      13.65881   0.110 
     172    1386.34626      11.61154   0.179 
     173    1386.57308      11.83836   0.165 
     174    1385.25590      10.52118   0.238 
     175    1386.09439      11.35966   0.190 
     176    1386.09439      11.35966   0.190 
     177    1383.06400       8.32927   0.359 
     178    1383.04947       8.31474   0.360 
     179    1380.51713       5.78240   0.595 
     180    1386.91310      12.17838   0.157 
     181    1383.35484       8.62011   0.310 
     182    1383.95937       9.22465   0.269 
     183    1385.73041      10.99568   0.211 
     184    1386.46086      11.72613   0.165 
     185    1386.46086      11.72613   0.165 
     186    1385.06346      10.32873   0.248 
     187    1383.79869       9.06396   0.276 
     188    1385.69453      10.95980   0.198 
     189    1380.76525       6.03052   0.577 
     190    1381.25808       6.52335   0.524 
     191    1381.92120       7.18647   0.472 
     192    1385.23052      10.49579   0.184 
     193    1386.02091      11.28619   0.159 
     194    1386.02324      11.28851   0.160 
     195    1387.18363      12.44891   0.155 
     196    1387.32725      12.59252   0.134 
     197    1386.32821      11.59348   0.163 
     198    1381.67582       6.94109   0.483 
     199    1385.68975      10.95503   0.180 
     200    1385.92993      11.19521   0.171 
     201    1384.65357       9.91884   0.225 
     202    1385.42913      10.69440   0.182 
     203    1385.43798      10.70325   0.182 
     204    1386.59539      11.86066   0.164 
     205    1386.97217      12.23744   0.142 
     206    1381.48073       6.74600   0.510 
     207    1386.32725      11.59252   0.163 
     208    1386.34839      11.61366   0.157 
     209    1386.49809      11.76336   0.147 
     210    1381.74098       7.00625   0.472 
     211    1381.74098       7.00625   0.472 
     212    1381.42369       6.68896   0.506 
     213    1386.39751      11.66278   0.150 
     214    1387.37461      12.63989   0.148 
     215    1386.97217      12.23745   0.142 
     216    1386.82526      12.09054   0.143 
     217    1386.34846      11.61374   0.157 
     218    1386.49809      11.76336   0.147 
     219    1386.49809      11.76336   0.147 
     220    1385.81718      11.08245   0.182 
     221    1385.57439      10.83966   0.188 
     222    1386.77705      12.04232   0.163 
     223    1386.39527      11.66055   0.163 
     224    1381.17083       6.43611   0.528 
     225    1386.82527      12.09054   0.143 
     226    1387.41090      12.67617   0.134 
     227    1387.40843      12.67370   0.133 
     228    1387.40843      12.67370   0.133 
     229    1386.87787      12.14314   0.138 
     230    1383.52595       8.79122   0.320 
     231    1383.51143       8.77671   0.331 
     232    1381.17083       6.43611   0.528 
     233    1386.39572      11.66099   0.163 
     234    1387.65774      12.92301   0.128 
     235    1388.12822      13.39349   0.131 
     236    1388.16384      13.42912   0.121 
     237    1388.16384      13.42912   0.121 
     238    1387.73622      13.00149   0.124 
     239    1386.84814      12.11341   0.160 
     240    1385.04670      10.31197   0.238 
     241    1383.18911       8.45439   0.367 
     242    1379.66909       4.93437   0.667 
     243    1388.39353      13.65881   0.110 
     244    1383.77133       9.03660   0.279 
     245    1384.40125       9.66652   0.235 
     246    1385.15414      10.41941   0.201 
     247    1385.15371      10.41899   0.201 
     248    1386.34544      11.61071   0.185 
     249    1387.32818      12.59345   0.135 
     250    1384.32183       9.58710   0.242 
     251    1386.23461      11.49989   0.162 
     252    1381.72183       6.98710   0.485 
     253    1380.89225       6.15752   0.552 
     254    1381.55929       6.82456   0.492 
     255    1384.85098      10.11626   0.227 
     256    1385.50531      10.77058   0.197 
     257    1384.58970       9.85497   0.256 
     258    1385.61749      10.88276   0.195 
     259    1388.02790      13.29317   0.129 
     260    1386.86020      12.12547   0.150 
     261    1381.31650       6.58177   0.503 
     262    1384.23538       9.50065   0.257 
     263    1384.68546       9.95073   0.239 
     264    1384.66507       9.93034   0.233 
     265    1385.31978      10.58506   0.206 
     266    1384.41050       9.67577   0.260 
     267    1381.36391       6.62919   0.500 
     268    1384.89864      10.16391   0.233 
     269    1387.92276      13.18803   0.132 
     270    1386.86020      12.12547   0.150 
     271    1384.93672      10.20199   0.210 
     272    1385.40780      10.67307   0.198 
     273    1381.98344       7.24872   0.472 
     274    1381.98344       7.24872   0.472 
     275    1381.66518       6.93045   0.485 
     276    1384.41063       9.67590   0.260 
     277    1385.58978      10.85505   0.187 
     278    1388.33987      13.60514   0.114 
     279    1387.32725      12.59252   0.134 
     280    1383.98341       9.24868   0.275 
     281    1384.42570       9.69098   0.244 
     282    1384.42550       9.69077   0.244 
     283    1383.80222       9.06749   0.275 
     284    1383.78769       9.05296   0.310 
     285    1381.72183       6.98710   0.485 
     286    1384.60425       9.86952   0.234 
     287    1387.65773      12.92300   0.129 
     288    1387.32731      12.59258   0.134 
     289    1384.21399       9.47926   0.266 
     290    1384.21399       9.47926   0.266 
     291    1384.86802      10.13329   0.233 
     292    1384.59887       9.86414   0.253 
     293    1381.36014       6.62542   0.542 
     294    1382.83193       8.09721   0.400 
     295    1385.60343      10.86871   0.216 
     296    1384.27481       9.54008   0.286 
     297    1379.11585       4.38112   0.694 
     298    1385.86041      11.12568   0.204 
     299    1385.87732      11.14260   0.204 
     300    1386.69826      11.96353   0.162 
     301    1386.34863      11.61390   0.185 
     302    1383.00425       8.26953   0.369 
     303    1381.97885       7.24412   0.495 
     304    1383.87175       9.13703   0.318 
     305    1379.11585       4.38112   0.694 
     306    1384.28014       9.54541   0.285 
     307    1387.40150      12.66677   0.150 
     308    1387.40140      12.66667   0.150 
     309    1387.86918      13.13445   0.139 
     310    1387.62586      12.89113   0.142 
     311    1384.84097      10.10624   0.264 
     312    1385.60343      10.86871   0.216 
     313    1383.35234       8.61761   0.372 
     314    1381.45987       6.72514   0.531 
     315    1377.90086       3.16613   0.800 
     316    1380.34530       5.61057   0.603 
     317    1381.00654       6.27182   0.527 
     318    1386.68254      11.94782   0.146 
     319    1388.05673      13.32200   0.128 
     320    1388.39353      13.65881   0.110 
     321    1388.39353      13.65881   0.110 
     322    1387.26087      12.52614   0.162 
     323    1385.25036      10.51563   0.210 
     324    1380.77940       6.04468   0.552 
     325    1383.79171       9.05699   0.303 
     326    1384.38590       9.65117   0.279 
     327    1386.68519      11.95047   0.145 
     328    1388.05673      13.32200   0.128 
     329    1388.39353      13.65881   0.110 
     330    1388.39353      13.65881   0.110 
     331    1387.26087      12.52614   0.162 
     332    1380.83371       6.09898   0.553 
     333    1384.42073       9.68600   0.272 
     334    1385.71037      10.97564   0.206 
     335    1386.05945      11.32472   0.190 
     336    1385.21773      10.48300   0.201 
     337    1386.39438      11.65966   0.168 
     338    1386.91001      12.17528   0.133 
     339    1386.91001      12.17528   0.133 
     340    1381.38512       6.65040   0.506 
     341    1386.49807      11.76335   0.182 
     342    1386.05945      11.32472   0.190 
     343    1386.32930      11.59457   0.182 
     344    1386.56327      11.82854   0.162 
     345    1385.96991      11.23518   0.153 
     346    1381.98344       7.24872   0.472 
     347    1381.98344       7.24872   0.472 
     348    1381.66518       6.93045   0.485 
     349    1386.91001      12.17528   0.133 
     350    1387.26006      12.52533   0.144 
     351    1386.56327      11.82854   0.162 
     352    1386.33110      11.59637   0.182 
     353    1386.56327      11.82854   0.162 
     354    1385.08871      10.35398   0.196 
     355    1385.08799      10.35326   0.196 
     356    1384.57799       9.84326   0.219 
     357    1386.47528      11.74055   0.144 
     358    1381.72183       6.98710   0.485 
     359    1386.34086      11.60613   0.185 
     360    1386.56327      11.82854   0.162 
     361    1385.71147      10.97674   0.206 
     362    1386.05945      11.32472   0.190 
     363    1387.29418      12.55945   0.139 
     364    1387.65774      12.92301   0.128 
     365    1387.65774      12.92301   0.128 
     366    1383.77871       9.04398   0.296 
     367    1383.76419       9.02947   0.311 
     368    1381.38512       6.65040   0.506 
     369    1386.05945      11.32472   0.190 
     370    1386.13582      11.40109   0.164 
     371    1386.68254      11.94782   0.146 
     372    1388.05673      13.32200   0.128 
     373    1388.39353      13.65880   0.110 
     374    1388.39353      13.65881   0.110 
     375    1387.26087      12.52614   0.162 
     376    1384.90454      10.16981   0.252 
     377    1382.99629       8.26157   0.378 
     378    1379.51507       4.78034   0.686 
     379    1380.91113       6.17640   0.544 
     380    1381.58012       6.84540   0.492 
     381    1384.62637       9.89164   0.237 
     382    1387.94226      13.20753   0.129 
     383    1388.29112      13.55639   0.114 
     384    1388.29118      13.55645   0.114 
     385    1386.83792      12.10319   0.155 
     386    1383.77567       9.04094   0.317 
     387    1381.33754       6.60281   0.504 
     388    1383.14861       8.41388   0.374 
     389    1382.12827       7.39354   0.467 
     390    1383.14441       8.40969   0.353 
     391    1386.74668      12.01195   0.151 
     392    1387.13574      12.40101   0.143 
     393    1387.13575      12.40102   0.143 
     394    1385.57017      10.83544   0.188 
     395    1380.33507       5.60034   0.595 
     396    1383.14861       8.41388   0.374 
     397    1385.86225      11.12752   0.201 
     398    1384.75989      10.02516   0.256 
     399    1384.14517       9.41045   0.253 
     400    1385.30440      10.56968   0.195 
     401    1385.82237      11.08764   0.166 
     402    1385.82237      11.08764   0.166 
     403    1380.33507       5.60034   0.595 
     404    1385.57017      10.83545   0.188 
     405    1385.86166      11.12693   0.201 
     406    1386.69298      11.95825   0.175 
     407    1385.68221      10.94749   0.211 
     408    1384.90110      10.16637   0.193 
     409    1380.93557       6.20084   0.541 
     410    1380.93557       6.20084   0.541 
     411    1380.61840       5.88368   0.568 
     412    1385.82237      11.08764   0.166 
     413    1386.11398      11.37926   0.171 
     414    1386.69311      11.95839   0.175 
     415    1385.70210      10.96738   0.218 
     416    1384.57958       9.84486   0.261 
     417    1384.00404       9.26931   0.263 
     418    1384.00371       9.26898   0.263 
     419    1383.43278       8.69805   0.331 
     420    1385.32963      10.59491   0.195 
     421    1380.67540       5.94067   0.573 
     422    1386.11442      11.37969   0.170 
     423    1385.69065      10.95592   0.219 
     424    1386.68841      11.95368   0.178 
     425    1385.80109      11.06637   0.211 
     426    1387.00487      12.27014   0.145 
     427    1387.36451      12.62979   0.136 
     428    1387.36452      12.62979   0.136 
     429    1384.56531       9.83059   0.274 
     430    1382.60093       7.86620   0.421 
     431    1379.07361       4.33889   0.716 
     432    1386.68841      11.95368   0.178 
     433    1383.16315       8.42842   0.356 
     434    1383.79045       9.05572   0.296 
     435    1387.29417      12.55944   0.139 
     436    1387.65774      12.92301   0.129 
     437    1387.65774      12.92301   0.128 
     438    1386.83794      12.10322   0.156 
     439    1383.66745       8.93272   0.297 
     440    1383.65379       8.91906   0.327 
     441    1381.38512       6.65040   0.506 
     442    1380.23779       5.50306   0.637 
     443    1380.96831       6.23358   0.548 
     444    1384.27622       9.54149   0.244 
     445    1385.73025      10.99553   0.211 
     446    1386.46086      11.72613   0.165 
     447    1386.46086      11.72613   0.165 
     448    1387.54193      12.80720   0.147 
     449    1383.42786       8.69314   0.327 
     450    1380.72023       5.98551   0.577 
     451    1382.79093       8.05620   0.396 
     452    1381.77059       7.03586   0.503 
     453    1382.78623       8.05151   0.390 
     454    1384.36401       9.62928   0.268 
     455    1385.23279      10.49807   0.211 
     456    1385.23279      10.49807   0.211 
     457    1386.25426      11.51953   0.187 
     458    1379.70861       4.97388   0.676 
     459    1382.79093       8.05620   0.396 
     460    1386.23979      11.50507   0.197 
     461    1385.27747      10.54274   0.240 
     462    1383.35140       8.61667   0.383 
     463    1381.00739       6.27267   0.548 
     464    1382.17481       7.44008   0.443 
     465    1382.17512       7.44039   0.443 
     466    1377.86110       3.12637   0.822 
     467    1386.49906      11.76433   0.176 
     468    1386.24324      11.50851   0.200 
     469    1387.06188      12.32715   0.164 
     470    1386.20847      11.47375   0.189 
     471    1384.42883       9.69410   0.282 
     472    1379.06714       4.33241   0.735 
     473    1379.06714       4.33241   0.735 
     474    1378.72668       3.99195   0.741 
     475    1383.09898       8.36425   0.372 
     476    1387.36451      12.62979   0.136 
     477    1387.06187      12.32715   0.164 
     478    1387.06188      12.32715   0.164 
     479    1386.20847      11.47375   0.189 
     480    1384.42883       9.69410   0.282 
     481    1384.42883       9.69410   0.282 
     482    1384.29616       9.56144   0.294 
     483    1382.67424       7.93952   0.410 
     484    1378.76114       4.02641   0.738 
     485    1387.36452      12.62979   0.136 
     486    1387.06188      12.32715   0.164 
     487    1384.43760       9.70288   0.291 
     488    1383.41579       8.68106   0.332 
     489    1384.36639       9.63167   0.268 
     490    1385.23279      10.49807   0.211 
     491    1385.23279      10.49807   0.211 
     492    1382.80492       8.07020   0.384 
     493    1384.66262       9.92789   0.238 
     494    1379.70861       4.97388   0.676 
     495    1384.43804       9.70331   0.291 
     496    1382.80547       8.07074   0.382 
     497    1383.44264       8.70792   0.305 
     498    1385.72997      10.99525   0.211 
     499    1386.46086      11.72613   0.165 
     500    1386.46085      11.72613   0.165 
     501    1386.91309      12.17836   0.157 
     502    1383.25659       8.52186   0.331 
     503    1383.24204       8.50731   0.335 
     504    1380.76525       6.03052   0.577 
     505    1381.25808       6.52335   0.524 
     506    1381.92120       7.18647   0.472 
     507    1384.90388      10.16916   0.216 
     508    1385.47703      10.74231   0.189 
     509    1385.48319      10.74846   0.189 
     510    1388.29125      13.55652   0.114 
     511    1387.32725      12.59252   0.134 
     512    1384.06092       9.32620   0.287 
     513    1381.67610       6.94137   0.482 
     514    1383.43463       8.69991   0.349 
     515    1382.41305       7.67833   0.445 
     516    1383.42870       8.69397   0.326 
     517    1383.96439       9.22966   0.280 
     518    1383.96443       9.22970   0.280 
     519    1387.13575      12.40102   0.143 
     520    1386.11398      11.37925   0.171 
     521    1380.67540       5.94067   0.573 
     522    1383.43521       8.70048   0.349 
     523    1383.96863       9.23390   0.313 
     524    1382.94829       8.21356   0.395 
     525    1380.93557       6.20084   0.541 
     526    1380.93557       6.20085   0.541 
     527    1380.61844       5.88371   0.567 
     528    1384.91817      10.18344   0.210 
     529    1387.36451      12.62979   0.136 
     530    1386.11398      11.37926   0.171 
     531    1383.96863       9.23390   0.313 
     532    1383.96863       9.23390   0.313 
     533    1382.94829       8.21356   0.395 
     534    1383.84768       9.11295   0.302 
     535    1381.36014       6.62541   0.542 
     536    1382.83186       8.09713   0.400 
     537    1385.60343      10.86870   0.216 
     538    1384.27479       9.54006   0.287 
     539    1379.11584       4.38112   0.694 
     540    1383.96863       9.23390   0.313 
     541    1385.69263      10.95790   0.218 
     542    1384.57933       9.84460   0.261 
     543    1385.57031      10.83558   0.208 
     544    1383.00427       8.26954   0.369 
     545    1381.97887       7.24414   0.495 
     546    1383.87175       9.13702   0.318 
     547    1379.11584       4.38112   0.694 
     548    1384.28553       9.55081   0.284 
     549    1385.70954      10.97481   0.217 
     550    1387.06188      12.32715   0.164 
     551    1386.20847      11.47375   0.189 
     552    1387.00236      12.26763   0.151 
     553    1384.84097      10.10624   0.264 
     554    1385.60343      10.86870   0.216 
     555    1383.35234       8.61761   0.372 
     556    1381.45995       6.72523   0.531 
     557    1377.90086       3.16613   0.800 
     558    1387.06188      12.32715   0.164 
     559    1383.44873       8.71401   0.308 
     560    1384.07523       9.34050   0.246 
     561    1384.60435       9.86962   0.234 
     562    1384.60441       9.86968   0.234 
     563    1387.65773      12.92301   0.129 
     564    1387.32725      12.59253   0.134 
     565    1383.80223       9.06750   0.275 
     566    1383.78769       9.05296   0.310 
     567    1381.72183       6.98710   0.485 
     568    1380.91112       6.17640   0.544 
     569    1381.58012       6.84540   0.492 
     570    1386.36303      11.62830   0.170 
     571    1386.82526      12.09054   0.143 
     572    1386.82526      12.09054   0.143 
     573    1386.23161      11.49688   0.172 
     574    1387.26086      12.52613   0.162 
     575    1386.83792      12.10319   0.155 
     576    1381.33755       6.60282   0.504 
     577    1384.69450       9.95977   0.226 
     578    1385.13896      10.40423   0.206 
     579    1386.29012      11.55540   0.170 
     580    1386.78177      12.04704   0.142 
     581    1386.78179      12.04706   0.142 
     582    1381.38512       6.65040   0.506 
     583    1385.30113      10.56640   0.198 
     584    1386.49397      11.75925   0.182 
     585    1386.83792      12.10319   0.155 
     586    1385.46437      10.72964   0.180 
     587    1385.90634      11.17162   0.159 
     588    1381.98344       7.24872   0.472 
     589    1381.98344       7.24872   0.472 
     590    1381.66519       6.93046   0.485 
     591    1386.78140      12.04668   0.142 
     592    1386.08102      11.34629   0.154 
     593    1387.26059      12.52586   0.144 
     594    1387.32725      12.59252   0.134 
     595    1384.54402       9.80929   0.235 
     596    1385.00395      10.26923   0.205 
     597    1385.00359      10.26887   0.205 
     598    1384.32170       9.58697   0.241 
     599    1386.23367      11.49895   0.161 
     600    1381.72183       6.98710   0.485 
     601    1385.15377      10.41904   0.201 
     602    1386.34233      11.60761   0.185 
     603    1387.32968      12.59495   0.134 
     604    1385.82354      11.08881   0.193 
     605    1386.36303      11.62830   0.170 
     606    1386.82526      12.09054   0.143 
     607    1386.82527      12.09054   0.143 
     608    1385.81718      11.08245   0.182 
     609    1385.57467      10.83994   0.189 
     610    1386.77779      12.04306   0.162 
     611    1386.39097      11.65624   0.162 
     612    1381.16111       6.42638   0.525 
     613    1386.95020      12.21547   0.151 
     614    1387.29417      12.55945   0.139 
     615    1387.65774      12.92301   0.128 
     616    1387.65774      12.92301   0.128 
     617    1386.87779      12.14306   0.137 
     618    1383.53198       8.79725   0.324 
     619    1383.51747       8.78274   0.328 
     620    1381.16111       6.42638   0.525 
     621    1386.39146      11.65674   0.162 
     622    1387.73119      12.99647   0.139 
     623    1388.05673      13.32200   0.128 
     624    1388.39353      13.65880   0.110 
     625    1388.39353      13.65881   0.110 
     626    1387.73378      12.99905   0.126 
     627    1386.84798      12.11325   0.160 
     628    1384.90454      10.16982   0.252 
     629    1382.99637       8.26165   0.378 
     630    1379.51507       4.78034   0.686 
     631    1380.07296       5.33823   0.643 
     632    1380.71490       5.98018   0.582 
     633    1386.17761      11.44288   0.155 
     634    1386.18777      11.45305   0.152 
     635    1386.18777      11.45305   0.152 
     636    1387.62586      12.89113   0.142 
     637    1388.39353      13.65881   0.110 
     638    1385.36425      10.62953   0.196 
     639    1380.50167       5.76694   0.589 
     640    1383.91477       9.18004   0.300 
     641    1384.52486       9.79014   0.260 
     642    1386.17762      11.44289   0.155 
     643    1386.18777      11.45305   0.152 
     644    1386.18777      11.45305   0.152 
     645    1387.62586      12.89113   0.142 
     646    1388.39353      13.65881   0.110 
     647    1380.56177       5.82705   0.588 
     648    1384.54800       9.81327   0.257 
     649    1384.23940       9.50467   0.275 
     650    1384.77667      10.04195   0.241 
     651    1380.83893       6.10420   0.571 
     652    1380.83893       6.10420   0.571 
     653    1380.51123       5.77650   0.587 
     654    1386.18777      11.45305   0.152 
     655    1387.62586      12.89113   0.142 
     656    1388.39353      13.65880   0.110 
     657    1384.77693      10.04221   0.241 
     658    1383.31855       8.58382   0.349 
     659    1383.87707       9.14234   0.322 
     660    1383.87707       9.14235   0.322 
     661    1382.95461       8.21988   0.401 
     662    1385.61000      10.87527   0.179 
     663    1387.13000      12.39528   0.158 
     664    1387.98932      13.25459   0.120 
     665    1380.20656       5.47183   0.627 
     666    1383.87698       9.14225   0.322 
     667    1385.43117      10.69644   0.227 
     668    1385.66183      10.92710   0.210 
     669    1385.66183      10.92710   0.210 
     670    1385.23426      10.49953   0.249 
     671    1383.86561       9.13088   0.275 
     672    1383.85106       9.11633   0.295 
     673    1381.29792       6.56320   0.526 
     674    1387.19681      12.46209   0.139 
     675    1385.66183      10.92710   0.210 
     676    1385.43127      10.69654   0.227 
     677    1385.66183      10.92710   0.210 
     678    1385.66183      10.92710   0.210 
     679    1385.23466      10.49994   0.249 
     680    1385.24540      10.51067   0.220 
     681    1384.41491       9.68019   0.236 
     682    1386.20536      11.47063   0.161 
     683    1381.29792       6.56320   0.526 
     684    1385.66183      10.92710   0.210 
     685    1385.80236      11.06763   0.157 
     686    1386.17761      11.44288   0.155 
     687    1386.18777      11.45305   0.152 
     688    1386.18777      11.45305   0.152 
     689    1387.62586      12.89113   0.142 
     690    1388.39353      13.65881   0.110 
     691    1384.94818      10.21345   0.240 
     692    1383.23608       8.50136   0.365 
     693    1379.70770       4.97297   0.673 
     694    1379.14642       4.41170   0.743 
     695    1379.82390       5.08918   0.682 
     696    1383.61124       8.87651   0.345 
     697    1384.68343       9.94871   0.253 
     698    1384.68348       9.94876   0.253 
     699    1385.35053      10.61580   0.203 
     700    1386.85370      12.11898   0.170 
     701    1387.63915      12.90442   0.146 
     702    1379.59373       4.85901   0.694 
     703    1384.72313       9.98841   0.236 
     704    1383.72433       8.98960   0.349 
     705    1381.42625       6.69152   0.518 
     706    1382.59317       7.85844   0.410 
     707    1382.59373       7.85900   0.410 
     708    1378.27338       3.53865   0.790 
     709    1385.35040      10.61567   0.203 
     710    1386.85298      12.11825   0.170 
     711    1387.63955      12.90483   0.146 
     712    1385.86715      11.13242   0.156 
     713    1384.79382      10.05909   0.256 
     714    1379.47669       4.74196   0.688 
     715    1379.47669       4.74196   0.688 
     716    1379.13608       4.40135   0.711 
     717    1383.52059       8.78586   0.334 
     718    1386.18778      11.45305   0.152 
     719    1387.62586      12.89114   0.142 
     720    1388.39353      13.65881   0.110 
     721    1385.87151      11.13678   0.156 
     722    1384.79381      10.05909   0.256 
     723    1384.79381      10.05908   0.256 
     724    1384.63256       9.89783   0.272 
     725    1383.05184       8.31711   0.374 
     726    1379.16413       4.42940   0.715 
     727    1386.18778      11.45306   0.152 
     728    1387.62586      12.89114   0.142 
     729    1388.39353      13.65881   0.110 
     730    1382.14611       7.41139   0.450 
     731    1382.77426       8.03954   0.418 
     732    1383.87705       9.14232   0.322 
     733    1383.87703       9.14230   0.322 
     734    1382.75475       8.02002   0.419 
     735    1385.37374      10.63901   0.195 
     736    1386.87878      12.14406   0.168 
     737    1387.68259      12.94787   0.139 
     738    1379.64626       4.91153   0.697 
     739    1384.40685       9.67212   0.300 
     740    1384.92989      10.19516   0.264 
     741    1385.66183      10.92710   0.210 
     742    1385.66183      10.92710   0.210 
     743    1384.94655      10.21182   0.262 
     744    1383.32648       8.59175   0.333 
     745    1383.31194       8.57721   0.342 
     746    1380.76525       6.03052   0.577 
     747    1386.93182      12.19709   0.159 
     748    1384.40741       9.67268   0.300 
     749    1384.93025      10.19552   0.264 
     750    1385.66183      10.92710   0.210 
     751    1385.66183      10.92710   0.210 
     752    1384.94612      10.21140   0.262 
     753    1385.04095      10.30622   0.241 
     754    1383.87798       9.14325   0.278 
     755    1385.75983      11.02510   0.191 
     756    1380.76525       6.03052   0.577 
     757    1380.02786       5.29313   0.654 
     758    1380.66930       5.93457   0.587 
     759    1381.00613       6.27140   0.576 
     760    1381.00613       6.27140   0.576 
     761    1386.18777      11.45305   0.152 
     762    1387.62586      12.89113   0.142 
     763    1388.39353      13.65881   0.110 
     764    1385.54726      10.81254   0.187 
     765    1380.22711       5.49238   0.612 
     766    1380.37122       5.63649   0.636 
     767    1380.78434       6.04962   0.581 
     768    1380.78432       6.04960   0.581 
     769    1380.22711       5.49238   0.612 
     770    1381.00613       6.27140   0.576 
     771    1386.18778      11.45305   0.152 
     772    1387.62586      12.89114   0.142 
     773    1388.39354      13.65881   0.110 
     774    1385.54740      10.81267   0.187 
     775    1380.37123       5.63650   0.636 
     776    1381.00613       6.27140   0.576 
     777    1376.57941       1.84468   0.903 
     778    1376.57940       1.84467   0.903 
     779    1381.90133       7.16660   0.489 
     780    1383.36212       8.62740   0.360 
     781    1384.14069       9.40596   0.318 
     782    1380.90730       6.17257   0.579 
     783    1376.00213       1.26741   0.960 
     784    1383.32015       8.58543   0.349 
     785    1383.87709       9.14236   0.322 
     786    1379.50365       4.76892   0.670 
     787    1378.71981       3.98508   0.741 
     788    1381.35796       6.62324   0.559 
     789    1382.87782       8.14310   0.374 
     790    1383.69599       8.96127   0.346 
     791    1375.85241       1.11768   0.964 
     792    1379.50300       4.76827   0.671 
     793    1385.43501      10.70029   0.225 
     794    1385.66183      10.92710   0.210 
     795    1381.41088       6.67616   0.497 
     796    1380.99885       6.26412   0.537 
     797    1379.51146       4.77673   0.776 
     798    1379.49691       4.76218   0.754 
     799    1376.94378       2.20905   0.874 
     800    1382.95457       8.21985   0.379 
     801    1381.41088       6.67615   0.497 
     802    1385.43453      10.69980   0.226 
     803    1385.66183      10.92710   0.210 
     804    1381.41088       6.67615   0.497 
     805    1380.99900       6.26427   0.537 
     806    1381.01091       6.27618   0.542 
     807    1380.06075       5.32603   0.707 
     808    1381.85121       7.11649   0.503 
     809    1376.94378       2.20905   0.874 
     810    1381.41088       6.67615   0.497 
     811    1385.87029      11.13556   0.156 
     812    1386.18777      11.45305   0.152 
     813    1381.90133       7.16660   0.489 
     814    1381.90133       7.16660   0.489 
     815    1383.36212       8.62740   0.360 
     816    1384.14069       9.40596   0.318 
     817    1381.06183       6.32710   0.591 
     818    1379.14469       4.40997   0.734 
     819    1375.67387       0.93915   0.954 
     820    1381.20158       6.46685   0.532 
     821    1381.86374       7.12902   0.478 
     822    1382.17524       7.44051   0.468 
     823    1382.17524       7.44051   0.468 
     824    1386.81739      12.08266   0.142 
     825    1387.62586      12.89114   0.142 
     826    1387.32725      12.59252   0.134 
     827    1386.82527      12.09054   0.143 
     828    1381.38651       6.65179   0.512 
     829    1381.51980       6.78507   0.535 
     830    1381.93614       7.20141   0.469 
     831    1381.93613       7.20140   0.469 
     832    1381.38651       6.65179   0.512 
     833    1382.17524       7.44051   0.468 
     834    1386.81750      12.08277   0.141 
     835    1387.62586      12.89114   0.142 
     836    1387.32725      12.59253   0.134 
     837    1386.82527      12.09054   0.143 
     838    1381.51980       6.78507   0.535 
     839    1382.19491       7.46018   0.467 
     840    1377.76645       3.03173   0.814 
     841    1377.74276       3.00803   0.812 
     842    1382.21279       7.47806   0.458 
     843    1383.31685       8.58212   0.351 
     844    1382.79526       8.06053   0.387 
     845    1382.47775       7.74302   0.443 
     846    1377.16092       2.42619   0.847 
     847    1386.34848      11.61376   0.157 
     848    1386.82527      12.09054   0.143 
     849    1382.47777       7.74304   0.443 
     850    1381.95430       7.21957   0.483 
     851    1381.37692       6.64219   0.538 
     852    1382.53296       7.79824   0.402 
     853    1382.27702       7.54229   0.420 
     854    1377.14864       2.41391   0.861 
     855    1382.47775       7.74302   0.443 
     856    1387.41613      12.68140   0.135 
     857    1387.65778      12.92306   0.129 
     858    1383.40179       8.66706   0.350 
     859    1383.01885       8.28412   0.365 
     860    1379.53209       4.79736   0.762 
     861    1379.51757       4.78284   0.759 
     862    1377.14864       2.41392   0.861 
     863    1382.27703       7.54230   0.421 
     864    1383.40174       8.66701   0.351 
     865    1388.13152      13.39679   0.130 
     866    1388.39396      13.65924   0.110 
     867    1384.14247       9.40774   0.316 
     868    1383.83824       9.10352   0.333 
     869    1382.98131       8.24658   0.385 
     870    1381.15826       6.42353   0.583 
     871    1379.14294       4.40822   0.731 
     872    1375.68157       0.94684   0.951 
     873    1384.14069       9.40596   0.318 
     874    1384.54408       9.80936   0.235 
     875    1385.15400      10.41927   0.201 
     876    1380.73131       5.99658   0.604 
     877    1380.73128       5.99655   0.604 
     878    1381.80490       7.07017   0.442 
     879    1382.79525       8.06052   0.387 
     880    1380.09726       5.36253   0.701 
     881    1382.00010       7.26537   0.487 
     882    1377.37989       2.64516   0.841 
     883    1381.20158       6.46685   0.532 
     884    1381.86374       7.12901   0.478 
     885    1382.17524       7.44051   0.468 
     886    1382.17524       7.44051   0.468 
     887    1384.58970       9.85497   0.256 
     888    1386.11134      11.37662   0.173 
     889    1388.39353      13.65881   0.110 
     890    1387.32725      12.59252   0.134 
     891    1381.38651       6.65179   0.512 
     892    1381.51980       6.78507   0.535 
     893    1381.93614       7.20141   0.469 
     894    1381.93614       7.20142   0.469 
     895    1381.38651       6.65179   0.512 
     896    1382.17524       7.44051   0.468 
     897    1384.58970       9.85497   0.256 
     898    1386.11134      11.37662   0.173 
     899    1388.39354      13.65881   0.110 
     900    1387.32725      12.59253   0.134 
     901    1381.51979       6.78507   0.535 
     902    1382.19382       7.45909   0.467 
     903    1377.76073       3.02600   0.812 
     904    1377.74276       3.00803   0.812 
     905    1380.16700       5.43228   0.656 
     906    1381.68554       6.95081   0.510 
     907    1384.14069       9.40596   0.318 
     908    1382.79525       8.06052   0.387 
     909    1377.16092       2.42619   0.847 
     910    1383.98325       9.24853   0.275 
     911    1384.60422       9.86950   0.234 
     912    1380.18156       5.44683   0.675 
     913    1379.57794       4.84321   0.752 
     914    1379.56342       4.82869   0.739 
     915    1377.37989       2.64516   0.841 
     916    1380.18152       5.44679   0.675 
     917    1383.40173       8.66700   0.351 
     918    1382.79525       8.06052   0.387 
     919    1384.86802      10.13330   0.233 
     920    1384.86802      10.13329   0.233 
     921    1380.43497       5.70024   0.627 
     922    1380.17437       5.43964   0.658 
     923    1378.39151       3.65679   0.812 
     924    1379.64680       4.91207   0.708 
     925    1382.59053       7.85581   0.431 
     926    1381.02018       6.28545   0.532 
     927    1375.95751       1.22278   0.916 
     928    1386.69776      11.96303   0.162 
     929    1386.69810      11.96337   0.162 
     930    1382.08997       7.35524   0.425 
     931    1381.80438       7.06965   0.440 
     932    1380.03573       5.30100   0.629 
     933    1378.85323       4.11850   0.825 
     934    1380.73835       6.00362   0.593 
     935    1375.95751       1.22278   0.916 
     936    1381.02020       6.28547   0.532 
     937    1387.86918      13.13445   0.139 
     938    1387.86918      13.13445   0.139 
     939    1383.60402       8.86929   0.343 
     940    1383.36212       8.62740   0.360 
     941    1381.85995       7.12522   0.474 
     942    1382.59053       7.85581   0.431 
     943    1380.26066       5.52593   0.649 
     944    1378.19227       3.45754   0.816 
     945    1374.73473        (best)

Processing of file "~/Documents/storage/talks/teaching/WoodsHole2011/testing/scripts/hasegawa/hasegawa.nex" completed.

Execution terminated.
