
P A U P *
Portable version 4.0b10 for Unix
Wed Jul 20 15:31:33 2011

      -----------------------------NOTICE-----------------------------
        This is a beta-test version.  Please report any crashes,
        apparent calculation errors, or other anomalous results.
        There are no restrictions on publication of results obtained
        with this version, but you should check the WWW site
        frequently for bug announcements and/or updated versions.  
        See the README file on the distribution media for details.
      ----------------------------------------------------------------
Data read in DNA format

Data matrix has 5 taxa, 16203 characters
Valid character-state symbols: ACGT
Missing data identified by '?'
Gaps identified by '-'
"Equate" macros in effect:
   R,r ==> {AG}
   Y,y ==> {CT}
   M,m ==> {AC}
   K,k ==> {GT}
   S,s ==> {CG}
   W,w ==> {AT}
   H,h ==> {ACT}
   B,b ==> {CGT}
   V,v ==> {ACG}
   D,d ==> {AGT}
   N,n ==> {ACGT}

3 trees read from TREES block
   Time used = <1 sec (CPU time = 0.00 sec)

Character-exclusion status changed:
  14203 characters excluded
  Total number of characters now excluded = 14203
  Number of included characters = 2000

Optimality criterion set to likelihood.

Character-exclusion status changed:
  1000 characters re-included
  Total number of characters now excluded = 13203
  Number of included characters = 3000

*** Skipping "xpaup" block

All trees have been cleared from memory.

Processing TREES block from file "guidance.nex":
   Keeping: trees from file (replacing trees in memory)
   3 trees read from file
   Time used = <1 sec (CPU time = 0.00 sec)

Processing TREES block from file "noafricanapeclade.tre":
   Keeping: trees in memory plus trees from file
   3 trees originally in memory
   12 trees read from file
   12 trees from file kept
   Time used = <1 sec (CPU time = 0.00 sec)
   15 trees now in memory

Tree number 1 (rooted using default outgroup)

/---------------------------------------------------------------------------------------------------------------------------------------------------- Hylobates larNC 
|
|                                                                                                  /------------------------------------------------- Homo sapiens NC 
|                                                /-------------------------------------------------+
|                                                |                                                 \------------------------------------------------- Pan troglodytes 
+------------------------------------------------+
|                                                \--------------------------------------------------------------------------------------------------- Gorilla gorilla 
|
\---------------------------------------------------------------------------------------------------------------------------------------------------- Pongo pygmaeus N

Tree number 2 (rooted using default outgroup)

/---------------------------------------------------------------------------------------------------------------------------------------------------- Hylobates larNC 
|
|                                                /--------------------------------------------------------------------------------------------------- Homo sapiens NC 
|                                                |
+------------------------------------------------+                                                 /------------------------------------------------- Pan troglodytes 
|                                                \-------------------------------------------------+
|                                                                                                  \------------------------------------------------- Gorilla gorilla 
|
\---------------------------------------------------------------------------------------------------------------------------------------------------- Pongo pygmaeus N

Tree number 3 (rooted using default outgroup)

/---------------------------------------------------------------------------------------------------------------------------------------------------- Hylobates larNC 
|
|                                                                                                  /------------------------------------------------- Homo sapiens NC 
|                                                /-------------------------------------------------+
|                                                |                                                 \------------------------------------------------- Gorilla gorilla 
+------------------------------------------------+
|                                                \--------------------------------------------------------------------------------------------------- Pan troglodytes 
|
\---------------------------------------------------------------------------------------------------------------------------------------------------- Pongo pygmaeus N

Tree number 4 (rooted using default outgroup)

/---------------------------------------------------------------------------------------------------------------------------------------------------- Hylobates larNC 
|
|                                                                                                  /------------------------------------------------- Homo sapiens NC 
|                                                /-------------------------------------------------+
|                                                |                                                 \------------------------------------------------- Pan troglodytes 
+------------------------------------------------+
|                                                \--------------------------------------------------------------------------------------------------- Pongo pygmaeus N
|
\---------------------------------------------------------------------------------------------------------------------------------------------------- Gorilla gorilla 

Tree number 5 (rooted using default outgroup)

/---------------------------------------------------------------------------------------------------------------------------------------------------- Hylobates larNC 
|
|                                                                                                  /------------------------------------------------- Homo sapiens NC 
|                                                /-------------------------------------------------+
|                                                |                                                 \------------------------------------------------- Pongo pygmaeus N
+------------------------------------------------+
|                                                \--------------------------------------------------------------------------------------------------- Pan troglodytes 
|
\---------------------------------------------------------------------------------------------------------------------------------------------------- Gorilla gorilla 

Tree number 6 (rooted using default outgroup)

/---------------------------------------------------------------------------------------------------------------------------------------------------- Hylobates larNC 
|
|                                                /--------------------------------------------------------------------------------------------------- Homo sapiens NC 
|                                                |
+------------------------------------------------+                                                 /------------------------------------------------- Pan troglodytes 
|                                                \-------------------------------------------------+
|                                                                                                  \------------------------------------------------- Pongo pygmaeus N
|
\---------------------------------------------------------------------------------------------------------------------------------------------------- Gorilla gorilla 

Tree number 7 (rooted using default outgroup)

/---------------------------------------------------------------------------------------------------------------------------------------------------- Hylobates larNC 
|
|                                                                         /-------------------------------------------------------------------------- Homo sapiens NC 
+-------------------------------------------------------------------------+
|                                                                         \-------------------------------------------------------------------------- Pan troglodytes 
|
|                                                                         /-------------------------------------------------------------------------- Gorilla gorilla 
\-------------------------------------------------------------------------+
                                                                          \-------------------------------------------------------------------------- Pongo pygmaeus N

Tree number 8 (rooted using default outgroup)

/---------------------------------------------------------------------------------------------------------------------------------------------------- Hylobates larNC 
|
|                                                                                                  /------------------------------------------------- Homo sapiens NC 
|                                                /-------------------------------------------------+
|                                                |                                                 \------------------------------------------------- Gorilla gorilla 
+------------------------------------------------+
|                                                \--------------------------------------------------------------------------------------------------- Pongo pygmaeus N
|
\---------------------------------------------------------------------------------------------------------------------------------------------------- Pan troglodytes 

Tree number 9 (rooted using default outgroup)

/---------------------------------------------------------------------------------------------------------------------------------------------------- Hylobates larNC 
|
|                                                                                                  /------------------------------------------------- Homo sapiens NC 
|                                                /-------------------------------------------------+
|                                                |                                                 \------------------------------------------------- Pongo pygmaeus N
+------------------------------------------------+
|                                                \--------------------------------------------------------------------------------------------------- Gorilla gorilla 
|
\---------------------------------------------------------------------------------------------------------------------------------------------------- Pan troglodytes 

Tree number 10 (rooted using default outgroup)

/---------------------------------------------------------------------------------------------------------------------------------------------------- Hylobates larNC 
|
|                                                /--------------------------------------------------------------------------------------------------- Homo sapiens NC 
|                                                |
+------------------------------------------------+                                                 /------------------------------------------------- Gorilla gorilla 
|                                                \-------------------------------------------------+
|                                                                                                  \------------------------------------------------- Pongo pygmaeus N
|
\---------------------------------------------------------------------------------------------------------------------------------------------------- Pan troglodytes 

Tree number 11 (rooted using default outgroup)

/---------------------------------------------------------------------------------------------------------------------------------------------------- Hylobates larNC 
|
|                                                                         /-------------------------------------------------------------------------- Homo sapiens NC 
+-------------------------------------------------------------------------+
|                                                                         \-------------------------------------------------------------------------- Gorilla gorilla 
|
|                                                                         /-------------------------------------------------------------------------- Pan troglodytes 
\-------------------------------------------------------------------------+
                                                                          \-------------------------------------------------------------------------- Pongo pygmaeus N

Tree number 12 (rooted using default outgroup)

/---------------------------------------------------------------------------------------------------------------------------------------------------- Hylobates larNC 
|
|                                                                         /-------------------------------------------------------------------------- Homo sapiens NC 
+-------------------------------------------------------------------------+
|                                                                         \-------------------------------------------------------------------------- Pongo pygmaeus N
|
|                                                                         /-------------------------------------------------------------------------- Pan troglodytes 
\-------------------------------------------------------------------------+
                                                                          \-------------------------------------------------------------------------- Gorilla gorilla 

Tree number 13 (rooted using default outgroup)

/---------------------------------------------------------------------------------------------------------------------------------------------------- Hylobates larNC 
|
+---------------------------------------------------------------------------------------------------------------------------------------------------- Homo sapiens NC 
|
|                                                                                                  /------------------------------------------------- Pan troglodytes 
|                                                /-------------------------------------------------+
|                                                |                                                 \------------------------------------------------- Gorilla gorilla 
\------------------------------------------------+
                                                 \--------------------------------------------------------------------------------------------------- Pongo pygmaeus N

Tree number 14 (rooted using default outgroup)

/---------------------------------------------------------------------------------------------------------------------------------------------------- Hylobates larNC 
|
+---------------------------------------------------------------------------------------------------------------------------------------------------- Homo sapiens NC 
|
|                                                                                                  /------------------------------------------------- Pan troglodytes 
|                                                /-------------------------------------------------+
|                                                |                                                 \------------------------------------------------- Pongo pygmaeus N
\------------------------------------------------+
                                                 \--------------------------------------------------------------------------------------------------- Gorilla gorilla 

Tree number 15 (rooted using default outgroup)

/---------------------------------------------------------------------------------------------------------------------------------------------------- Hylobates larNC 
|
+---------------------------------------------------------------------------------------------------------------------------------------------------- Homo sapiens NC 
|
|                                                /--------------------------------------------------------------------------------------------------- Pan troglodytes 
|                                                |
\------------------------------------------------+                                                 /------------------------------------------------- Gorilla gorilla 
                                                 \-------------------------------------------------+
                                                                                                   \------------------------------------------------- Pongo pygmaeus N

15 trees saved to file "~/Documents/storage/talks/teaching/WoodsHole2011/testing/scripts/mtdna/staticorder.tre"

*** Skipping "xpaup" block

Processing TREES block from file "staticorder.tre":
   Keeping: trees from file (replacing trees in memory)
            (file tree numbers 1 through 1)
   1 tree read from file
   Time used = <1 sec (CPU time = 0.00 sec)
   1 tree now in memory

Processing TREES block from file "staticorder.tre":
   Keeping: trees in memory plus trees from file
            (file tree numbers 2 through 2)
   1 tree originally in memory
   1 tree read from file
   1 tree from file kept
   Time used = <1 sec (CPU time = 0.00 sec)
   2 trees now in memory

Likelihood scores of tree(s) in memory:
  13203 characters are excluded
  Likelihood settings:
    Number of substitution types  = 6
    Substitution rate-matrix parameters estimated via ML
    Assumed nucleotide frequencies (empirical frequencies):
      A=0.33701  C=0.27103  G=0.17279  T=0.21917
    Among-site rate variation:
      Assumed proportion of invariable sites  = none
      Distribution of rates at variable sites = gamma (discrete approximation)
        Shape parameter (alpha)   = estimated
        Number of rate categories = 4
        Representation of average rate for each category = mean
    These settings correspond to the GTR+G model
    Number of distinct data patterns under this model = 140
    Molecular clock not enforced
    Starting branch lengths obtained using Rogers-Swofford approximation method
    Branch-length optimization = one-dimensional Newton-Raphson with pass limit=20, delta=1e-06
    -ln L (unconstrained) = unavailable due to missing-data and/or ambiguities

Tree             1           2
------------------------------
-ln L   7361.70732  7363.29596
Rate matrix R:
  AC       6.96403     7.08980
  AG      37.46020    37.56539
  AT       4.80992     4.88639
  CG       0.15538     0.11678
  CT      84.60250    85.62007
  GT       1.00000     1.00000
Shape     0.203445    0.199229

Time used to compute likelihoods = 1 sec (CPU time = 0.63 sec)

Kishino-Hasegawa test:
  KH test using normal approximation, two-tailed test

                                      KH-test
    Tree         -ln L    Diff -ln L       P 
---------------------------------------------
       1    7361.70732        (best)
       2    7363.29596       1.58864   0.000*
  * P < 0.05

Likelihood scores of tree(s) in memory:
  13203 characters are excluded
  Likelihood settings:
    Number of substitution types  = 6
    Substitution rate-matrix parameters estimated via ML
    Assumed nucleotide frequencies (empirical frequencies):
      A=0.33701  C=0.27103  G=0.17279  T=0.21917
    Among-site rate variation:
      Assumed proportion of invariable sites  = none
      Distribution of rates at variable sites = gamma (discrete approximation)
        Shape parameter (alpha)   = estimated
        Number of rate categories = 4
        Representation of average rate for each category = mean
    These settings correspond to the GTR+G model
    Number of distinct data patterns under this model = 140
    Molecular clock not enforced
    Starting branch lengths obtained using Rogers-Swofford approximation method
    Branch-length optimization = one-dimensional Newton-Raphson with pass limit=20, delta=1e-06
    -ln L (unconstrained) = unavailable due to missing-data and/or ambiguities

Tree             1           2
------------------------------
-ln L   7361.70732  7363.29596
Rate matrix R:
  AC       6.96403     7.08980
  AG      37.46020    37.56539
  AT       4.80992     4.88639
  CG       0.15538     0.11678
  CT      84.60250    85.62007
  GT       1.00000     1.00000
Shape     0.203445    0.199229

Time used to compute likelihoods = 1 sec (CPU time = 0.62 sec)

Kishino-Hasegawa test:
  KH test using bootstrap with full optimization, two-tailed test
  Number of bootstrap replicates = 1000

Processing of file "/Users/mholder/Documents/storage/talks/teaching/WoodsHole2011/testing/scripts/mtdna/guidance.nex" terminated.

paup> q


P A U P *
Portable version 4.0b10 for Unix
Wed Jul 20 15:33:05 2011

      -----------------------------NOTICE-----------------------------
        This is a beta-test version.  Please report any crashes,
        apparent calculation errors, or other anomalous results.
        There are no restrictions on publication of results obtained
        with this version, but you should check the WWW site
        frequently for bug announcements and/or updated versions.  
        See the README file on the distribution media for details.
      ----------------------------------------------------------------
Data read in DNA format

Data matrix has 5 taxa, 16203 characters
Valid character-state symbols: ACGT
Missing data identified by '?'
Gaps identified by '-'
"Equate" macros in effect:
   R,r ==> {AG}
   Y,y ==> {CT}
   M,m ==> {AC}
   K,k ==> {GT}
   S,s ==> {CG}
   W,w ==> {AT}
   H,h ==> {ACT}
   B,b ==> {CGT}
   V,v ==> {ACG}
   D,d ==> {AGT}
   N,n ==> {ACGT}

3 trees read from TREES block
   Time used = <1 sec (CPU time = 0.00 sec)

Character-exclusion status changed:
  14203 characters excluded
  Total number of characters now excluded = 14203
  Number of included characters = 2000

Optimality criterion set to likelihood.

Character-exclusion status changed:
  1000 characters re-included
  Total number of characters now excluded = 13203
  Number of included characters = 3000

*** Skipping "xpaup" block

All trees have been cleared from memory.

Processing TREES block from file "guidance.nex":
   Keeping: trees from file (replacing trees in memory)
   3 trees read from file
   Time used = <1 sec (CPU time = 0.00 sec)

Processing TREES block from file "noafricanapeclade.tre":
   Keeping: trees in memory plus trees from file
   3 trees originally in memory
   12 trees read from file
   12 trees from file kept
   Time used = <1 sec (CPU time = 0.00 sec)
   15 trees now in memory

Tree number 1 (rooted using default outgroup)

/---------------------------------------------------------------------------------------------------------------------------------------------------- Hylobates larNC 
|
|                                                                                                  /------------------------------------------------- Homo sapiens NC 
|                                                /-------------------------------------------------+
|                                                |                                                 \------------------------------------------------- Pan troglodytes 
+------------------------------------------------+
|                                                \--------------------------------------------------------------------------------------------------- Gorilla gorilla 
|
\---------------------------------------------------------------------------------------------------------------------------------------------------- Pongo pygmaeus N

Tree number 2 (rooted using default outgroup)

/---------------------------------------------------------------------------------------------------------------------------------------------------- Hylobates larNC 
|
|                                                /--------------------------------------------------------------------------------------------------- Homo sapiens NC 
|                                                |
+------------------------------------------------+                                                 /------------------------------------------------- Pan troglodytes 
|                                                \-------------------------------------------------+
|                                                                                                  \------------------------------------------------- Gorilla gorilla 
|
\---------------------------------------------------------------------------------------------------------------------------------------------------- Pongo pygmaeus N

Tree number 3 (rooted using default outgroup)

/---------------------------------------------------------------------------------------------------------------------------------------------------- Hylobates larNC 
|
|                                                                                                  /------------------------------------------------- Homo sapiens NC 
|                                                /-------------------------------------------------+
|                                                |                                                 \------------------------------------------------- Gorilla gorilla 
+------------------------------------------------+
|                                                \--------------------------------------------------------------------------------------------------- Pan troglodytes 
|
\---------------------------------------------------------------------------------------------------------------------------------------------------- Pongo pygmaeus N

Tree number 4 (rooted using default outgroup)

/---------------------------------------------------------------------------------------------------------------------------------------------------- Hylobates larNC 
|
|                                                                                                  /------------------------------------------------- Homo sapiens NC 
|                                                /-------------------------------------------------+
|                                                |                                                 \------------------------------------------------- Pan troglodytes 
+------------------------------------------------+
|                                                \--------------------------------------------------------------------------------------------------- Pongo pygmaeus N
|
\---------------------------------------------------------------------------------------------------------------------------------------------------- Gorilla gorilla 

Tree number 5 (rooted using default outgroup)

/---------------------------------------------------------------------------------------------------------------------------------------------------- Hylobates larNC 
|
|                                                                                                  /------------------------------------------------- Homo sapiens NC 
|                                                /-------------------------------------------------+
|                                                |                                                 \------------------------------------------------- Pongo pygmaeus N
+------------------------------------------------+
|                                                \--------------------------------------------------------------------------------------------------- Pan troglodytes 
|
\---------------------------------------------------------------------------------------------------------------------------------------------------- Gorilla gorilla 

Tree number 6 (rooted using default outgroup)

/---------------------------------------------------------------------------------------------------------------------------------------------------- Hylobates larNC 
|
|                                                /--------------------------------------------------------------------------------------------------- Homo sapiens NC 
|                                                |
+------------------------------------------------+                                                 /------------------------------------------------- Pan troglodytes 
|                                                \-------------------------------------------------+
|                                                                                                  \------------------------------------------------- Pongo pygmaeus N
|
\---------------------------------------------------------------------------------------------------------------------------------------------------- Gorilla gorilla 

Tree number 7 (rooted using default outgroup)

/---------------------------------------------------------------------------------------------------------------------------------------------------- Hylobates larNC 
|
|                                                                         /-------------------------------------------------------------------------- Homo sapiens NC 
+-------------------------------------------------------------------------+
|                                                                         \-------------------------------------------------------------------------- Pan troglodytes 
|
|                                                                         /-------------------------------------------------------------------------- Gorilla gorilla 
\-------------------------------------------------------------------------+
                                                                          \-------------------------------------------------------------------------- Pongo pygmaeus N

Tree number 8 (rooted using default outgroup)

/---------------------------------------------------------------------------------------------------------------------------------------------------- Hylobates larNC 
|
|                                                                                                  /------------------------------------------------- Homo sapiens NC 
|                                                /-------------------------------------------------+
|                                                |                                                 \------------------------------------------------- Gorilla gorilla 
+------------------------------------------------+
|                                                \--------------------------------------------------------------------------------------------------- Pongo pygmaeus N
|
\---------------------------------------------------------------------------------------------------------------------------------------------------- Pan troglodytes 

Tree number 9 (rooted using default outgroup)

/---------------------------------------------------------------------------------------------------------------------------------------------------- Hylobates larNC 
|
|                                                                                                  /------------------------------------------------- Homo sapiens NC 
|                                                /-------------------------------------------------+
|                                                |                                                 \------------------------------------------------- Pongo pygmaeus N
+------------------------------------------------+
|                                                \--------------------------------------------------------------------------------------------------- Gorilla gorilla 
|
\---------------------------------------------------------------------------------------------------------------------------------------------------- Pan troglodytes 

Tree number 10 (rooted using default outgroup)

/---------------------------------------------------------------------------------------------------------------------------------------------------- Hylobates larNC 
|
|                                                /--------------------------------------------------------------------------------------------------- Homo sapiens NC 
|                                                |
+------------------------------------------------+                                                 /------------------------------------------------- Gorilla gorilla 
|                                                \-------------------------------------------------+
|                                                                                                  \------------------------------------------------- Pongo pygmaeus N
|
\---------------------------------------------------------------------------------------------------------------------------------------------------- Pan troglodytes 

Tree number 11 (rooted using default outgroup)

/---------------------------------------------------------------------------------------------------------------------------------------------------- Hylobates larNC 
|
|                                                                         /-------------------------------------------------------------------------- Homo sapiens NC 
+-------------------------------------------------------------------------+
|                                                                         \-------------------------------------------------------------------------- Gorilla gorilla 
|
|                                                                         /-------------------------------------------------------------------------- Pan troglodytes 
\-------------------------------------------------------------------------+
                                                                          \-------------------------------------------------------------------------- Pongo pygmaeus N

Tree number 12 (rooted using default outgroup)

/---------------------------------------------------------------------------------------------------------------------------------------------------- Hylobates larNC 
|
|                                                                         /-------------------------------------------------------------------------- Homo sapiens NC 
+-------------------------------------------------------------------------+
|                                                                         \-------------------------------------------------------------------------- Pongo pygmaeus N
|
|                                                                         /-------------------------------------------------------------------------- Pan troglodytes 
\-------------------------------------------------------------------------+
                                                                          \-------------------------------------------------------------------------- Gorilla gorilla 

Tree number 13 (rooted using default outgroup)

/---------------------------------------------------------------------------------------------------------------------------------------------------- Hylobates larNC 
|
+---------------------------------------------------------------------------------------------------------------------------------------------------- Homo sapiens NC 
|
|                                                                                                  /------------------------------------------------- Pan troglodytes 
|                                                /-------------------------------------------------+
|                                                |                                                 \------------------------------------------------- Gorilla gorilla 
\------------------------------------------------+
                                                 \--------------------------------------------------------------------------------------------------- Pongo pygmaeus N

Tree number 14 (rooted using default outgroup)

/---------------------------------------------------------------------------------------------------------------------------------------------------- Hylobates larNC 
|
+---------------------------------------------------------------------------------------------------------------------------------------------------- Homo sapiens NC 
|
|                                                                                                  /------------------------------------------------- Pan troglodytes 
|                                                /-------------------------------------------------+
|                                                |                                                 \------------------------------------------------- Pongo pygmaeus N
\------------------------------------------------+
                                                 \--------------------------------------------------------------------------------------------------- Gorilla gorilla 

Tree number 15 (rooted using default outgroup)

/---------------------------------------------------------------------------------------------------------------------------------------------------- Hylobates larNC 
|
+---------------------------------------------------------------------------------------------------------------------------------------------------- Homo sapiens NC 
|
|                                                /--------------------------------------------------------------------------------------------------- Pan troglodytes 
|                                                |
\------------------------------------------------+                                                 /------------------------------------------------- Gorilla gorilla 
                                                 \-------------------------------------------------+
                                                                                                   \------------------------------------------------- Pongo pygmaeus N

OK to replace file "~/Documents/storage/talks/teaching/WoodsHole2011/testing/scripts/mtdna/staticorder.tre"? (Y/n) (null)y


15 trees saved to file "~/Documents/storage/talks/teaching/WoodsHole2011/testing/scripts/mtdna/staticorder.tre"

*** Skipping "xpaup" block

Processing TREES block from file "staticorder.tre":
   Keeping: trees from file (replacing trees in memory)
            (file tree numbers 1 through 1)
   1 tree read from file
   Time used = <1 sec (CPU time = 0.00 sec)
   1 tree now in memory

Processing TREES block from file "staticorder.tre":
   Keeping: trees in memory plus trees from file
            (file tree numbers 2 through 2)
   1 tree originally in memory
   1 tree read from file
   1 tree from file kept
   Time used = <1 sec (CPU time = 0.00 sec)
   2 trees now in memory

Likelihood scores of tree(s) in memory:
  13203 characters are excluded
  Likelihood settings:
    Number of substitution types  = 6
    Substitution rate-matrix parameters estimated via ML
    Assumed nucleotide frequencies (empirical frequencies):
      A=0.33701  C=0.27103  G=0.17279  T=0.21917
    Among-site rate variation:
      Assumed proportion of invariable sites  = none
      Distribution of rates at variable sites = gamma (discrete approximation)
        Shape parameter (alpha)   = estimated
        Number of rate categories = 4
        Representation of average rate for each category = mean
    These settings correspond to the GTR+G model
    Number of distinct data patterns under this model = 140
    Molecular clock not enforced
    Starting branch lengths obtained using Rogers-Swofford approximation method
    Branch-length optimization = one-dimensional Newton-Raphson with pass limit=20, delta=1e-06
    -ln L (unconstrained) = unavailable due to missing-data and/or ambiguities

Tree             1           2
------------------------------
-ln L   7361.70732  7363.29596
Rate matrix R:
  AC       6.96403     7.08980
  AG      37.46020    37.56539
  AT       4.80992     4.88639
  CG       0.15538     0.11678
  CT      84.60250    85.62007
  GT       1.00000     1.00000
Shape     0.203445    0.199229

Time used to compute likelihoods = 1 sec (CPU time = 0.62 sec)

Kishino-Hasegawa test:
  KH test using normal approximation, two-tailed test

                                      KH-test
    Tree         -ln L    Diff -ln L       P 
---------------------------------------------
       1    7361.70732        (best)
       2    7363.29596       1.58864   0.000*
  * P < 0.05

Likelihood scores of tree(s) in memory:
  13203 characters are excluded
  Likelihood settings:
    Number of substitution types  = 6
    Substitution rate-matrix parameters estimated via ML
    Assumed nucleotide frequencies (empirical frequencies):
      A=0.33701  C=0.27103  G=0.17279  T=0.21917
    Among-site rate variation:
      Assumed proportion of invariable sites  = none
      Distribution of rates at variable sites = gamma (discrete approximation)
        Shape parameter (alpha)   = estimated
        Number of rate categories = 4
        Representation of average rate for each category = mean
    These settings correspond to the GTR+G model
    Number of distinct data patterns under this model = 140
    Molecular clock not enforced
    Starting branch lengths obtained using Rogers-Swofford approximation method
    Branch-length optimization = one-dimensional Newton-Raphson with pass limit=20, delta=1e-06
    -ln L (unconstrained) = unavailable due to missing-data and/or ambiguities

Tree             1           2
------------------------------
-ln L   7361.70732  7363.29596
Rate matrix R:
  AC       6.96403     7.08980
  AG      37.46020    37.56539
  AT       4.80992     4.88639
  CG       0.15538     0.11678
  CT      84.60250    85.62007
  GT       1.00000     1.00000
Shape     0.203445    0.199229

Time used to compute likelihoods = <1 sec (CPU time = 0.63 sec)

Kishino-Hasegawa test:
  KH test using RELL bootstrap, two-tailed test
  Number of bootstrap replicates = 1000

                                      KH-test
    Tree         -ln L    Diff -ln L       P 
---------------------------------------------
       1    7361.70732        (best)
       2    7363.29596       1.58864   0.486 

Processing TREES block from file "staticorder.tre":
   Keeping: trees from file (replacing trees in memory)
            (file tree numbers 1 through 1)
   1 tree read from file
   Time used = <1 sec (CPU time = 0.00 sec)
   1 tree now in memory

Processing TREES block from file "staticorder.tre":
   Keeping: trees in memory plus trees from file
            (file tree numbers 3 through 3)
   1 tree originally in memory
   1 tree read from file
   1 tree from file kept
   Time used = <1 sec (CPU time = 0.00 sec)
   2 trees now in memory

Likelihood scores of tree(s) in memory:
  13203 characters are excluded
  Likelihood settings:
    Number of substitution types  = 6
    Substitution rate-matrix parameters estimated via ML
    Assumed nucleotide frequencies (empirical frequencies):
      A=0.33701  C=0.27103  G=0.17279  T=0.21917
    Among-site rate variation:
      Assumed proportion of invariable sites  = none
      Distribution of rates at variable sites = gamma (discrete approximation)
        Shape parameter (alpha)   = estimated
        Number of rate categories = 4
        Representation of average rate for each category = mean
    These settings correspond to the GTR+G model
    Number of distinct data patterns under this model = 140
    Molecular clock not enforced
    Starting branch lengths obtained using Rogers-Swofford approximation method
    Branch-length optimization = one-dimensional Newton-Raphson with pass limit=20, delta=1e-06
    -ln L (unconstrained) = unavailable due to missing-data and/or ambiguities

Tree             1           2
------------------------------
-ln L   7361.70732  7362.60907
Rate matrix R:
  AC       6.96403     6.95079
  AG      37.46020    35.57462
  AT       4.80992     4.72046
  CG       0.15538  3.3224e-09
  CT      84.60250    82.53937
  GT       1.00000     1.00000
Shape     0.203445    0.203391

Time used to compute likelihoods = <1 sec (CPU time = 0.69 sec)

Kishino-Hasegawa test:
  KH test using normal approximation, two-tailed test

                                      KH-test
    Tree         -ln L    Diff -ln L       P 
---------------------------------------------
       1    7361.70732        (best)
       2    7362.60907       0.90175   0.000*
  * P < 0.05

Likelihood scores of tree(s) in memory:
  13203 characters are excluded
  Likelihood settings:
    Number of substitution types  = 6
    Substitution rate-matrix parameters estimated via ML
    Assumed nucleotide frequencies (empirical frequencies):
      A=0.33701  C=0.27103  G=0.17279  T=0.21917
    Among-site rate variation:
      Assumed proportion of invariable sites  = none
      Distribution of rates at variable sites = gamma (discrete approximation)
        Shape parameter (alpha)   = estimated
        Number of rate categories = 4
        Representation of average rate for each category = mean
    These settings correspond to the GTR+G model
    Number of distinct data patterns under this model = 140
    Molecular clock not enforced
    Starting branch lengths obtained using Rogers-Swofford approximation method
    Branch-length optimization = one-dimensional Newton-Raphson with pass limit=20, delta=1e-06
    -ln L (unconstrained) = unavailable due to missing-data and/or ambiguities

Tree             1           2
------------------------------
-ln L   7361.70732  7362.60907
Rate matrix R:
  AC       6.96403     6.95079
  AG      37.46020    35.57462
  AT       4.80992     4.72046
  CG       0.15538  3.3224e-09
  CT      84.60250    82.53937
  GT       1.00000     1.00000
Shape     0.203445    0.203391

Time used to compute likelihoods = 1 sec (CPU time = 0.69 sec)

Kishino-Hasegawa test:
  KH test using RELL bootstrap, two-tailed test
  Number of bootstrap replicates = 1000

                                      KH-test
    Tree         -ln L    Diff -ln L       P 
---------------------------------------------
       1    7361.70732        (best)
       2    7362.60907       0.90175   0.728 

Processing TREES block from file "staticorder.tre":
   Keeping: trees from file (replacing trees in memory)
            (file tree numbers 1 through 1)
   1 tree read from file
   Time used = <1 sec (CPU time = 0.00 sec)
   1 tree now in memory

Processing TREES block from file "staticorder.tre":
   Keeping: trees in memory plus trees from file
            (file tree numbers 12 through 12)
   1 tree originally in memory
   1 tree read from file
   1 tree from file kept
   Time used = <1 sec (CPU time = 0.00 sec)
   2 trees now in memory

Likelihood scores of tree(s) in memory:
  13203 characters are excluded
  Likelihood settings:
    Number of substitution types  = 6
    Substitution rate-matrix parameters estimated via ML
    Assumed nucleotide frequencies (empirical frequencies):
      A=0.33701  C=0.27103  G=0.17279  T=0.21917
    Among-site rate variation:
      Assumed proportion of invariable sites  = none
      Distribution of rates at variable sites = gamma (discrete approximation)
        Shape parameter (alpha)   = estimated
        Number of rate categories = 4
        Representation of average rate for each category = mean
    These settings correspond to the GTR+G model
    Number of distinct data patterns under this model = 140
    Molecular clock not enforced
    Starting branch lengths obtained using Rogers-Swofford approximation method
    Branch-length optimization = one-dimensional Newton-Raphson with pass limit=20, delta=1e-06
    -ln L (unconstrained) = unavailable due to missing-data and/or ambiguities

Tree             1           2
------------------------------
-ln L   7361.70732  7371.42855
Rate matrix R:
  AC       6.96403     6.29620
  AG      37.46020    35.66722
  AT       4.80992     4.18420
  CG       0.15538  1.4381e-09
  CT      84.60250    79.09950
  GT       1.00000     1.00000
Shape     0.203445    0.167341

Time used to compute likelihoods = 1 sec (CPU time = 0.59 sec)

Kishino-Hasegawa test:
  KH test using normal approximation, two-tailed test

                                      KH-test
    Tree         -ln L    Diff -ln L       P 
---------------------------------------------
       1    7361.70732        (best)
       2    7371.42855       9.72123   0.000*
  * P < 0.05

Likelihood scores of tree(s) in memory:
  13203 characters are excluded
  Likelihood settings:
    Number of substitution types  = 6
    Substitution rate-matrix parameters estimated via ML
    Assumed nucleotide frequencies (empirical frequencies):
      A=0.33701  C=0.27103  G=0.17279  T=0.21917
    Among-site rate variation:
      Assumed proportion of invariable sites  = none
      Distribution of rates at variable sites = gamma (discrete approximation)
        Shape parameter (alpha)   = estimated
        Number of rate categories = 4
        Representation of average rate for each category = mean
    These settings correspond to the GTR+G model
    Number of distinct data patterns under this model = 140
    Molecular clock not enforced
    Starting branch lengths obtained using Rogers-Swofford approximation method
    Branch-length optimization = one-dimensional Newton-Raphson with pass limit=20, delta=1e-06
    -ln L (unconstrained) = unavailable due to missing-data and/or ambiguities

Tree             1           2
------------------------------
-ln L   7361.70732  7371.42855
Rate matrix R:
  AC       6.96403     6.29620
  AG      37.46020    35.66722
  AT       4.80992     4.18420
  CG       0.15538  1.4381e-09
  CT      84.60250    79.09950
  GT       1.00000     1.00000
Shape     0.203445    0.167341

Time used to compute likelihoods = <1 sec (CPU time = 0.58 sec)

Kishino-Hasegawa test:
  KH test using RELL bootstrap, two-tailed test
  Number of bootstrap replicates = 1000

                                      KH-test
    Tree         -ln L    Diff -ln L       P 
---------------------------------------------
       1    7361.70732        (best)
       2    7371.42855       9.72123   0.065 

Processing of file "~/Documents/storage/talks/teaching/WoodsHole2011/testing/scripts/mtdna/guidance.nex" completed.

paup> q

